2019-03-09 13:59:13,907 [main]                [34mINFO [0;39m com.github.xsavikx.androidscreencast.app.DeviceChooserApplication - Starting application
 [DeviceChooserApplication.java:44]2019-03-09 13:59:14,333 [main]                [34mINFO [0;39m com.github.xsavikx.androidscreencast.app.DeviceChooserApplication - 1 device was found by ADB
 [DeviceChooserApplication.java:53]2019-03-09 13:59:14,410 [main]                [34mINFO [0;39m com.github.xsavikx.androidscreencast.app.DeviceChooserApplication - samsung-sm_n920c-1115fba416d21303 was chosen
 [DeviceChooserApplication.java:64]2019-03-09 13:59:15,086 [main]                [34mINFO [0;39m com.github.xsavikx.androidscreencast.app.AndroidScreencastApplication - Starting application
 [AndroidScreencastApplication.java:52]2019-03-09 13:59:15,212 [Screen Capturer]     [34mINFO [0;39m com.github.xsavikx.androidscreencast.api.injector.ScreenCaptureRunnable - Starting screen capturing
 [ScreenCaptureRunnable.java:51]2019-03-09 14:01:45,938 [Screen Capturer]     [31mWARN [0;39m com.github.xsavikx.androidscreencast.api.injector.ScreenCaptureRunnable - IO Exception happened while getting device screenshot. Will try again in 100 ms.
 [ScreenCaptureRunnable.java:87]2019-03-09 14:01:46,038 [Screen Capturer]     [34mINFO [0;39m com.github.xsavikx.androidscreencast.api.injector.ScreenCaptureRunnable - Failed to get device screenshot
 [ScreenCaptureRunnable.java:58]2019-03-09 14:01:46,046 [Screen Capturer]     [31mWARN [0;39m com.github.xsavikx.androidscreencast.api.injector.ScreenCaptureRunnable - ADB Command was rejected. Will try again in 100 ms.
 [ScreenCaptureRunnable.java:82]2019-03-09 14:01:46,148 [Screen Capturer]     [34mINFO [0;39m com.github.xsavikx.androidscreencast.api.injector.ScreenCaptureRunnable - Failed to get device screenshot
 [ScreenCaptureRunnable.java:58]2019-03-09 14:01:46,155 [Screen Capturer]     [31mWARN [0;39m com.github.xsavikx.androidscreencast.api.injector.ScreenCaptureRunnable - ADB Command was rejected. Will try again in 100 ms.
 [ScreenCaptureRunnable.java:82]2019-03-09 14:01:46,256 [Screen Capturer]     [34mINFO [0;39m com.github.xsavikx.androidscreencast.api.injector.ScreenCaptureRunnable - Failed to get device screenshot
 [ScreenCaptureRunnable.java:58]2019-03-09 14:01:46,264 [Screen Capturer]     [31mWARN [0;39m com.github.xsavikx.androidscreencast.api.injector.ScreenCaptureRunnable - ADB Command was rejected. Will try again in 100 ms.
 [ScreenCaptureRunnable.java:82]2019-03-09 14:01:46,365 [Screen Capturer]     [34mINFO [0;39m com.github.xsavikx.androidscreencast.api.injector.ScreenCaptureRunnable - Failed to get device screenshot
 [ScreenCaptureRunnable.java:58]2019-03-09 14:01:46,372 [Screen Capturer]     [31mWARN [0;39m com.github.xsavikx.androidscreencast.api.injector.ScreenCaptureRunnable - ADB Command was rejected. Will try again in 100 ms.
 [ScreenCaptureRunnable.java:82]2019-03-09 14:01:46,474 [Screen Capturer]     [34mINFO [0;39m com.github.xsavikx.androidscreencast.api.injector.ScreenCaptureRunnable - Failed to get device screenshot
 [ScreenCaptureRunnable.java:58]2019-03-09 14:01:46,481 [Screen Capturer]     [31mWARN [0;39m com.github.xsavikx.androidscreencast.api.injector.ScreenCaptureRunnable - ADB Command was rejected. Will try again in 100 ms.
 [ScreenCaptureRunnable.java:82]2019-03-09 14:01:46,582 [Screen Capturer]     [34mINFO [0;39m com.github.xsavikx.androidscreencast.api.injector.ScreenCaptureRunnable - Failed to get device screenshot
 [ScreenCaptureRunnable.java:58]2019-03-09 14:01:46,588 [Screen Capturer]     [31mWARN [0;39m com.github.xsavikx.androidscreencast.api.injector.ScreenCaptureRunnable - ADB Command was rejected. Will try again in 100 ms.
 [ScreenCaptureRunnable.java:82]2019-03-09 14:01:46,689 [Screen Capturer]     [34mINFO [0;39m com.github.xsavikx.androidscreencast.api.injector.ScreenCaptureRunnable - Failed to get device screenshot
 [ScreenCaptureRunnable.java:58]2019-03-09 14:01:46,697 [Screen Capturer]     [31mWARN [0;39m com.github.xsavikx.androidscreencast.api.injector.ScreenCaptureRunnable - ADB Command was rejected. Will try again in 100 ms.
 [ScreenCaptureRunnable.java:82]2019-03-09 14:01:46,798 [Screen Capturer]     [34mINFO [0;39m com.github.xsavikx.androidscreencast.api.injector.ScreenCaptureRunnable - Failed to get device screenshot
 [ScreenCaptureRunnable.java:58]2019-03-09 14:01:46,806 [Screen Capturer]     [31mWARN [0;39m com.github.xsavikx.androidscreencast.api.injector.ScreenCaptureRunnable - ADB Command was rejected. Will try again in 100 ms.
 [ScreenCaptureRunnable.java:82]2019-03-09 14:01:46,907 [Screen Capturer]     [34mINFO [0;39m com.github.xsavikx.androidscreencast.api.injector.ScreenCaptureRunnable - Failed to get device screenshot
 [ScreenCaptureRunnable.java:58]2019-03-09 14:01:46,914 [Screen Capturer]     [31mWARN [0;39m com.github.xsavikx.androidscreencast.api.injector.ScreenCaptureRunnable - ADB Command was rejected. Will try again in 100 ms.
 [ScreenCaptureRunnable.java:82]2019-03-09 14:01:47,016 [Screen Capturer]     [34mINFO [0;39m com.github.xsavikx.androidscreencast.api.injector.ScreenCaptureRunnable - Failed to get device screenshot
 [ScreenCaptureRunnable.java:58]2019-03-09 14:01:47,024 [Screen Capturer]     [31mWARN [0;39m com.github.xsavikx.androidscreencast.api.injector.ScreenCaptureRunnable - ADB Command was rejected. Will try again in 100 ms.
 [ScreenCaptureRunnable.java:82]2019-03-09 14:01:47,125 [Screen Capturer]     [34mINFO [0;39m com.github.xsavikx.androidscreencast.api.injector.ScreenCaptureRunnable - Failed to get device screenshot
 [ScreenCaptureRunnable.java:58]2019-03-09 14:01:47,132 [Screen Capturer]     [31mWARN [0;39m com.github.xsavikx.androidscreencast.api.injector.ScreenCaptureRunnable - ADB Command was rejected. Will try again in 100 ms.
 [ScreenCaptureRunnable.java:82]2019-03-09 14:01:47,234 [Screen Capturer]     [34mINFO [0;39m com.github.xsavikx.androidscreencast.api.injector.ScreenCaptureRunnable - Failed to get device screenshot
 [ScreenCaptureRunnable.java:58]2019-03-09 14:01:47,241 [Screen Capturer]     [31mWARN [0;39m com.github.xsavikx.androidscreencast.api.injector.ScreenCaptureRunnable - ADB Command was rejected. Will try again in 100 ms.
 [ScreenCaptureRunnable.java:82]2019-03-09 14:01:47,342 [Screen Capturer]     [34mINFO [0;39m com.github.xsavikx.androidscreencast.api.injector.ScreenCaptureRunnable - Failed to get device screenshot
 [ScreenCaptureRunnable.java:58]2019-03-09 14:01:47,349 [Screen Capturer]     [31mWARN [0;39m com.github.xsavikx.androidscreencast.api.injector.ScreenCaptureRunnable - ADB Command was rejected. Will try again in 100 ms.
 [ScreenCaptureRunnable.java:82]2019-03-09 14:01:47,450 [Screen Capturer]     [34mINFO [0;39m com.github.xsavikx.androidscreencast.api.injector.ScreenCaptureRunnable - Failed to get device screenshot
 [ScreenCaptureRunnable.java:58]2019-03-09 14:01:47,458 [Screen Capturer]     [31mWARN [0;39m com.github.xsavikx.androidscreencast.api.injector.ScreenCaptureRunnable - ADB Command was rejected. Will try again in 100 ms.
 [ScreenCaptureRunnable.java:82]2019-03-09 14:01:47,559 [Screen Capturer]     [34mINFO [0;39m com.github.xsavikx.androidscreencast.api.injector.ScreenCaptureRunnable - Failed to get device screenshot
 [ScreenCaptureRunnable.java:58]2019-03-09 14:01:47,567 [Screen Capturer]     [31mWARN [0;39m com.github.xsavikx.androidscreencast.api.injector.ScreenCaptureRunnable - ADB Command was rejected. Will try again in 100 ms.
 [ScreenCaptureRunnable.java:82]2019-03-09 14:01:47,668 [Screen Capturer]     [34mINFO [0;39m com.github.xsavikx.androidscreencast.api.injector.ScreenCaptureRunnable - Failed to get device screenshot
 [ScreenCaptureRunnable.java:58]2019-03-09 14:01:47,675 [Screen Capturer]     [31mWARN [0;39m com.github.xsavikx.androidscreencast.api.injector.ScreenCaptureRunnable - ADB Command was rejected. Will try again in 100 ms.
 [ScreenCaptureRunnable.java:82]2019-03-09 14:01:47,776 [Screen Capturer]     [34mINFO [0;39m com.github.xsavikx.androidscreencast.api.injector.ScreenCaptureRunnable - Failed to get device screenshot
 [ScreenCaptureRunnable.java:58]2019-03-09 14:01:47,783 [Screen Capturer]     [31mWARN [0;39m com.github.xsavikx.androidscreencast.api.injector.ScreenCaptureRunnable - ADB Command was rejected. Will try again in 100 ms.
 [ScreenCaptureRunnable.java:82]2019-03-09 14:01:47,885 [Screen Capturer]     [34mINFO [0;39m com.github.xsavikx.androidscreencast.api.injector.ScreenCaptureRunnable - Failed to get device screenshot
 [ScreenCaptureRunnable.java:58]2019-03-09 14:01:47,892 [Screen Capturer]     [31mWARN [0;39m com.github.xsavikx.androidscreencast.api.injector.ScreenCaptureRunnable - ADB Command was rejected. Will try again in 100 ms.
 [ScreenCaptureRunnable.java:82]2019-03-09 14:01:47,993 [Screen Capturer]     [34mINFO [0;39m com.github.xsavikx.androidscreencast.api.injector.ScreenCaptureRunnable - Failed to get device screenshot
 [ScreenCaptureRunnable.java:58]2019-03-09 14:01:48,001 [Screen Capturer]     [31mWARN [0;39m com.github.xsavikx.androidscreencast.api.injector.ScreenCaptureRunnable - ADB Command was rejected. Will try again in 100 ms.
 [ScreenCaptureRunnable.java:82]2019-03-09 14:01:48,102 [Screen Capturer]     [34mINFO [0;39m com.github.xsavikx.androidscreencast.api.injector.ScreenCaptureRunnable - Failed to get device screenshot
 [ScreenCaptureRunnable.java:58]2019-03-09 14:01:48,109 [Screen Capturer]     [31mWARN [0;39m com.github.xsavikx.androidscreencast.api.injector.ScreenCaptureRunnable - ADB Command was rejected. Will try again in 100 ms.
 [ScreenCaptureRunnable.java:82]2019-03-09 14:01:48,211 [Screen Capturer]     [34mINFO [0;39m com.github.xsavikx.androidscreencast.api.injector.ScreenCaptureRunnable - Failed to get device screenshot
 [ScreenCaptureRunnable.java:58]2019-03-09 14:01:48,218 [Screen Capturer]     [31mWARN [0;39m com.github.xsavikx.androidscreencast.api.injector.ScreenCaptureRunnable - ADB Command was rejected. Will try again in 100 ms.
 [ScreenCaptureRunnable.java:82]2019-03-09 14:01:48,319 [Screen Capturer]     [34mINFO [0;39m com.github.xsavikx.androidscreencast.api.injector.ScreenCaptureRunnable - Failed to get device screenshot
 [ScreenCaptureRunnable.java:58]2019-03-09 14:01:48,326 [Screen Capturer]     [31mWARN [0;39m com.github.xsavikx.androidscreencast.api.injector.ScreenCaptureRunnable - ADB Command was rejected. Will try again in 100 ms.
 [ScreenCaptureRunnable.java:82]2019-03-09 14:01:48,428 [Screen Capturer]     [34mINFO [0;39m com.github.xsavikx.androidscreencast.api.injector.ScreenCaptureRunnable - Failed to get device screenshot
 [ScreenCaptureRunnable.java:58]2019-03-09 14:01:48,435 [Screen Capturer]     [31mWARN [0;39m com.github.xsavikx.androidscreencast.api.injector.ScreenCaptureRunnable - ADB Command was rejected. Will try again in 100 ms.
 [ScreenCaptureRunnable.java:82]2019-03-09 14:01:48,536 [Screen Capturer]     [34mINFO [0;39m com.github.xsavikx.androidscreencast.api.injector.ScreenCaptureRunnable - Failed to get device screenshot
 [ScreenCaptureRunnable.java:58]2019-03-09 14:01:48,543 [Screen Capturer]     [31mWARN [0;39m com.github.xsavikx.androidscreencast.api.injector.ScreenCaptureRunnable - ADB Command was rejected. Will try again in 100 ms.
 [ScreenCaptureRunnable.java:82]2019-03-09 14:01:48,644 [Screen Capturer]     [34mINFO [0;39m com.github.xsavikx.androidscreencast.api.injector.ScreenCaptureRunnable - Failed to get device screenshot
 [ScreenCaptureRunnable.java:58]2019-03-09 14:01:48,652 [Screen Capturer]     [31mWARN [0;39m com.github.xsavikx.androidscreencast.api.injector.ScreenCaptureRunnable - ADB Command was rejected. Will try again in 100 ms.
 [ScreenCaptureRunnable.java:82]2019-03-09 14:01:48,753 [Screen Capturer]     [34mINFO [0;39m com.github.xsavikx.androidscreencast.api.injector.ScreenCaptureRunnable - Failed to get device screenshot
 [ScreenCaptureRunnable.java:58]2019-03-09 14:01:48,760 [Screen Capturer]     [31mWARN [0;39m com.github.xsavikx.androidscreencast.api.injector.ScreenCaptureRunnable - ADB Command was rejected. Will try again in 100 ms.
 [ScreenCaptureRunnable.java:82]2019-03-09 14:01:48,861 [Screen Capturer]     [34mINFO [0;39m com.github.xsavikx.androidscreencast.api.injector.ScreenCaptureRunnable - Failed to get device screenshot
 [ScreenCaptureRunnable.java:58]2019-03-09 14:01:48,869 [Screen Capturer]     [31mWARN [0;39m com.github.xsavikx.androidscreencast.api.injector.ScreenCaptureRunnable - ADB Command was rejected. Will try again in 100 ms.
 [ScreenCaptureRunnable.java:82]2019-03-09 14:01:48,970 [Screen Capturer]     [34mINFO [0;39m com.github.xsavikx.androidscreencast.api.injector.ScreenCaptureRunnable - Failed to get device screenshot
 [ScreenCaptureRunnable.java:58]2019-03-09 14:01:48,977 [Screen Capturer]     [31mWARN [0;39m com.github.xsavikx.androidscreencast.api.injector.ScreenCaptureRunnable - ADB Command was rejected. Will try again in 100 ms.
 [ScreenCaptureRunnable.java:82]2019-03-09 14:01:49,079 [Screen Capturer]     [34mINFO [0;39m com.github.xsavikx.androidscreencast.api.injector.ScreenCaptureRunnable - Failed to get device screenshot
 [ScreenCaptureRunnable.java:58]2019-03-09 14:01:49,086 [Screen Capturer]     [31mWARN [0;39m com.github.xsavikx.androidscreencast.api.injector.ScreenCaptureRunnable - ADB Command was rejected. Will try again in 100 ms.
 [ScreenCaptureRunnable.java:82]2019-03-09 14:01:49,188 [Screen Capturer]     [34mINFO [0;39m com.github.xsavikx.androidscreencast.api.injector.ScreenCaptureRunnable - Failed to get device screenshot
 [ScreenCaptureRunnable.java:58]2019-03-09 14:01:49,195 [Screen Capturer]     [31mWARN [0;39m com.github.xsavikx.androidscreencast.api.injector.ScreenCaptureRunnable - ADB Command was rejected. Will try again in 100 ms.
 [ScreenCaptureRunnable.java:82]2019-03-09 14:01:49,297 [Screen Capturer]     [34mINFO [0;39m com.github.xsavikx.androidscreencast.api.injector.ScreenCaptureRunnable - Failed to get device screenshot
 [ScreenCaptureRunnable.java:58]2019-03-09 14:01:49,304 [Screen Capturer]     [31mWARN [0;39m com.github.xsavikx.androidscreencast.api.injector.ScreenCaptureRunnable - ADB Command was rejected. Will try again in 100 ms.
 [ScreenCaptureRunnable.java:82]2019-03-09 14:01:49,405 [Screen Capturer]     [34mINFO [0;39m com.github.xsavikx.androidscreencast.api.injector.ScreenCaptureRunnable - Failed to get device screenshot
 [ScreenCaptureRunnable.java:58]2019-03-09 14:01:49,413 [Screen Capturer]     [31mWARN [0;39m com.github.xsavikx.androidscreencast.api.injector.ScreenCaptureRunnable - ADB Command was rejected. Will try again in 100 ms.
 [ScreenCaptureRunnable.java:82]2019-03-09 14:01:49,514 [Screen Capturer]     [34mINFO [0;39m com.github.xsavikx.androidscreencast.api.injector.ScreenCaptureRunnable - Failed to get device screenshot
 [ScreenCaptureRunnable.java:58]2019-03-09 14:01:49,521 [Screen Capturer]     [31mWARN [0;39m com.github.xsavikx.androidscreencast.api.injector.ScreenCaptureRunnable - ADB Command was rejected. Will try again in 100 ms.
 [ScreenCaptureRunnable.java:82]2019-03-09 14:01:49,623 [Screen Capturer]     [34mINFO [0;39m com.github.xsavikx.androidscreencast.api.injector.ScreenCaptureRunnable - Failed to get device screenshot
 [ScreenCaptureRunnable.java:58]2019-03-09 14:01:49,630 [Screen Capturer]     [31mWARN [0;39m com.github.xsavikx.androidscreencast.api.injector.ScreenCaptureRunnable - ADB Command was rejected. Will try again in 100 ms.
 [ScreenCaptureRunnable.java:82]2019-03-09 14:01:49,731 [Screen Capturer]     [34mINFO [0;39m com.github.xsavikx.androidscreencast.api.injector.ScreenCaptureRunnable - Failed to get device screenshot
 [ScreenCaptureRunnable.java:58]2019-03-09 14:01:49,738 [Screen Capturer]     [31mWARN [0;39m com.github.xsavikx.androidscreencast.api.injector.ScreenCaptureRunnable - ADB Command was rejected. Will try again in 100 ms.
 [ScreenCaptureRunnable.java:82]2019-03-09 14:01:49,839 [Screen Capturer]     [34mINFO [0;39m com.github.xsavikx.androidscreencast.api.injector.ScreenCaptureRunnable - Failed to get device screenshot
 [ScreenCaptureRunnable.java:58]2019-03-09 14:01:49,846 [Screen Capturer]     [31mWARN [0;39m com.github.xsavikx.androidscreencast.api.injector.ScreenCaptureRunnable - ADB Command was rejected. Will try again in 100 ms.
 [ScreenCaptureRunnable.java:82]2019-03-09 14:01:49,948 [Screen Capturer]     [34mINFO [0;39m com.github.xsavikx.androidscreencast.api.injector.ScreenCaptureRunnable - Failed to get device screenshot
 [ScreenCaptureRunnable.java:58]2019-03-09 14:01:49,955 [Screen Capturer]     [31mWARN [0;39m com.github.xsavikx.androidscreencast.api.injector.ScreenCaptureRunnable - ADB Command was rejected. Will try again in 100 ms.
 [ScreenCaptureRunnable.java:82]2019-03-09 14:01:50,056 [Screen Capturer]     [34mINFO [0;39m com.github.xsavikx.androidscreencast.api.injector.ScreenCaptureRunnable - Failed to get device screenshot
 [ScreenCaptureRunnable.java:58]2019-03-09 14:01:50,064 [Screen Capturer]     [31mWARN [0;39m com.github.xsavikx.androidscreencast.api.injector.ScreenCaptureRunnable - ADB Command was rejected. Will try again in 100 ms.
 [ScreenCaptureRunnable.java:82]2019-03-09 14:01:50,165 [Screen Capturer]     [34mINFO [0;39m com.github.xsavikx.androidscreencast.api.injector.ScreenCaptureRunnable - Failed to get device screenshot
 [ScreenCaptureRunnable.java:58]2019-03-09 14:01:50,173 [Screen Capturer]     [31mWARN [0;39m com.github.xsavikx.androidscreencast.api.injector.ScreenCaptureRunnable - ADB Command was rejected. Will try again in 100 ms.
 [ScreenCaptureRunnable.java:82]2019-03-09 14:01:50,274 [Screen Capturer]     [34mINFO [0;39m com.github.xsavikx.androidscreencast.api.injector.ScreenCaptureRunnable - Failed to get device screenshot
 [ScreenCaptureRunnable.java:58]2019-03-09 14:01:50,281 [Screen Capturer]     [31mWARN [0;39m com.github.xsavikx.androidscreencast.api.injector.ScreenCaptureRunnable - ADB Command was rejected. Will try again in 100 ms.
 [ScreenCaptureRunnable.java:82]2019-03-09 14:01:50,383 [Screen Capturer]     [34mINFO [0;39m com.github.xsavikx.androidscreencast.api.injector.ScreenCaptureRunnable - Failed to get device screenshot
 [ScreenCaptureRunnable.java:58]2019-03-09 14:01:50,390 [Screen Capturer]     [31mWARN [0;39m com.github.xsavikx.androidscreencast.api.injector.ScreenCaptureRunnable - ADB Command was rejected. Will try again in 100 ms.
 [ScreenCaptureRunnable.java:82]2019-03-09 14:01:50,491 [Screen Capturer]     [34mINFO [0;39m com.github.xsavikx.androidscreencast.api.injector.ScreenCaptureRunnable - Failed to get device screenshot
 [ScreenCaptureRunnable.java:58]2019-03-09 14:01:50,499 [Screen Capturer]     [31mWARN [0;39m com.github.xsavikx.androidscreencast.api.injector.ScreenCaptureRunnable - ADB Command was rejected. Will try again in 100 ms.
 [ScreenCaptureRunnable.java:82]2019-03-09 14:01:50,600 [Screen Capturer]     [34mINFO [0;39m com.github.xsavikx.androidscreencast.api.injector.ScreenCaptureRunnable - Failed to get device screenshot
 [ScreenCaptureRunnable.java:58]2019-03-09 14:01:50,607 [Screen Capturer]     [31mWARN [0;39m com.github.xsavikx.androidscreencast.api.injector.ScreenCaptureRunnable - ADB Command was rejected. Will try again in 100 ms.
 [ScreenCaptureRunnable.java:82]2019-03-09 14:01:50,709 [Screen Capturer]     [34mINFO [0;39m com.github.xsavikx.androidscreencast.api.injector.ScreenCaptureRunnable - Failed to get device screenshot
 [ScreenCaptureRunnable.java:58]2019-03-09 14:01:50,716 [Screen Capturer]     [31mWARN [0;39m com.github.xsavikx.androidscreencast.api.injector.ScreenCaptureRunnable - ADB Command was rejected. Will try again in 100 ms.
 [ScreenCaptureRunnable.java:82]2019-03-09 14:01:50,872 [Screen Capturer]     [34mINFO [0;39m com.github.xsavikx.androidscreencast.api.injector.ScreenCaptureRunnable - Failed to get device screenshot
 [ScreenCaptureRunnable.java:58]2019-03-09 14:01:50,879 [Screen Capturer]     [31mWARN [0;39m com.github.xsavikx.androidscreencast.api.injector.ScreenCaptureRunnable - ADB Command was rejected. Will try again in 100 ms.
 [ScreenCaptureRunnable.java:82]2019-03-09 14:01:50,980 [Screen Capturer]     [34mINFO [0;39m com.github.xsavikx.androidscreencast.api.injector.ScreenCaptureRunnable - Failed to get device screenshot
 [ScreenCaptureRunnable.java:58]2019-03-09 14:01:50,984 [Screen Capturer]     [31mWARN [0;39m com.github.xsavikx.androidscreencast.api.injector.ScreenCaptureRunnable - ADB Command was rejected. Will try again in 100 ms.
 [ScreenCaptureRunnable.java:82]2019-03-09 14:01:51,085 [Screen Capturer]     [34mINFO [0;39m com.github.xsavikx.androidscreencast.api.injector.ScreenCaptureRunnable - Failed to get device screenshot
 [ScreenCaptureRunnable.java:58]2019-03-09 14:01:51,092 [Screen Capturer]     [31mWARN [0;39m com.github.xsavikx.androidscreencast.api.injector.ScreenCaptureRunnable - ADB Command was rejected. Will try again in 100 ms.
 [ScreenCaptureRunnable.java:82]2019-03-09 14:01:51,193 [Screen Capturer]     [34mINFO [0;39m com.github.xsavikx.androidscreencast.api.injector.ScreenCaptureRunnable - Failed to get device screenshot
 [ScreenCaptureRunnable.java:58]2019-03-09 14:01:51,201 [Screen Capturer]     [31mWARN [0;39m com.github.xsavikx.androidscreencast.api.injector.ScreenCaptureRunnable - ADB Command was rejected. Will try again in 100 ms.
 [ScreenCaptureRunnable.java:82]2019-03-09 14:01:51,302 [Screen Capturer]     [34mINFO [0;39m com.github.xsavikx.androidscreencast.api.injector.ScreenCaptureRunnable - Failed to get device screenshot
 [ScreenCaptureRunnable.java:58]2019-03-09 14:01:51,309 [Screen Capturer]     [31mWARN [0;39m com.github.xsavikx.androidscreencast.api.injector.ScreenCaptureRunnable - ADB Command was rejected. Will try again in 100 ms.
 [ScreenCaptureRunnable.java:82]2019-03-09 14:01:51,396 [AWT-EventQueue-0]    [34mINFO [0;39m com.github.xsavikx.androidscreencast.app.AndroidScreencastApplication - Stopping application
 [AndroidScreencastApplication.java:37]2019-03-09 14:01:51,410 [Screen Capturer]     [34mINFO [0;39m com.github.xsavikx.androidscreencast.api.injector.ScreenCaptureRunnable - Failed to get device screenshot
 [ScreenCaptureRunnable.java:58]2019-03-09 14:01:51,410 [Screen Capturer]     [34mINFO [0;39m com.github.xsavikx.androidscreencast.api.injector.ScreenCaptureRunnable - Stopping screen capturing
 [ScreenCaptureRunnable.java:68]2019-03-09 14:01:52,408 [Thread-2]            [34mINFO [0;39m com.github.xsavikx.androidscreencast.app.AndroidScreencastApplication - Stopping application
 [AndroidScreencastApplication.java:37]